<!DOCTYPE html>
<html>
<head>
<meta http-equiv="Content-Type" content="text/html; charset=utf-8"/>
<meta http-equiv="x-ua-compatible" content="IE=edge"/>
<title>Test results - Class uTest</title>
<link href="../css/base-style.css" rel="stylesheet" type="text/css"/>
<link href="../css/style.css" rel="stylesheet" type="text/css"/>
<script src="../js/report.js" type="text/javascript"></script>
</head>
<body>
<div id="content">
<h1>Class uTest</h1>
<div class="breadcrumbs">
<a href="../index.html">all</a> &gt; 
<a href="../packages/default-package.html">default-package</a> &gt; uTest</div>
<div id="summary">
<table>
<tr>
<td>
<div class="summaryGroup">
<table>
<tr>
<td>
<div class="infoBox" id="tests">
<div class="counter">1</div>
<p>tests</p>
</div>
</td>
<td>
<div class="infoBox" id="failures">
<div class="counter">1</div>
<p>failures</p>
</div>
</td>
<td>
<div class="infoBox" id="ignored">
<div class="counter">0</div>
<p>ignored</p>
</div>
</td>
<td>
<div class="infoBox" id="duration">
<div class="counter">10.998s</div>
<p>duration</p>
</div>
</td>
</tr>
</table>
</div>
</td>
<td>
<div class="infoBox failures" id="successRate">
<div class="percent">0%</div>
<p>successful</p>
</div>
</td>
</tr>
</table>
</div>
<div id="tabs">
<ul class="tabLinks">
<li>
<a href="#tab0">Failed tests</a>
</li>
<li>
<a href="#tab1">Tests</a>
</li>
<li>
<a href="#tab2">Standard error</a>
</li>
</ul>
<div id="tab0" class="tab">
<h2>Failed tests</h2>
<div class="test">
<a name="Enter the page and locate the registration button &quot;Join Today&quot;"></a>
<h3 class="failures">Enter the page and locate the registration button &quot;Join Today&quot;</h3>
<span class="code">
<pre>org.openqa.selenium.InvalidElementStateException: invalid element state
  (Session info: chrome=99.0.4844.51)
Build info: version: '3.141.59', revision: 'e82be7d358', time: '2018-11-14T08:17:03'
System info: host: 'DESKTOP-TTCGJ1A', ip: '192.168.10.11', os.name: 'Windows 10', os.arch: 'amd64', os.version: '10.0', java.version: '1.8.0_202'
Driver info: org.openqa.selenium.chrome.ChromeDriver
Capabilities {acceptInsecureCerts: false, browserName: chrome, browserVersion: 99.0.4844.51, chrome: {chromedriverVersion: 99.0.4844.51 (d537ec02474b5..., userDataDir: C:\Users\JORS9\AppData\Loca...}, goog:chromeOptions: {debuggerAddress: localhost:53285}, javascriptEnabled: true, networkConnectionEnabled: false, pageLoadStrategy: normal, platform: WINDOWS, platformName: WINDOWS, proxy: Proxy(), setWindowRect: true, strictFileInteractability: false, timeouts: {implicit: 0, pageLoad: 300000, script: 30000}, unhandledPromptBehavior: dismiss and notify, webauthn:extension:credBlob: true, webauthn:extension:largeBlob: true, webauthn:virtualAuthenticators: true}
Session ID: 0606c3d27971e177435f1e3d4db5f291
	at sun.reflect.NativeConstructorAccessorImpl.newInstance0(Native Method)
	at sun.reflect.NativeConstructorAccessorImpl.newInstance(NativeConstructorAccessorImpl.java:62)
	at sun.reflect.DelegatingConstructorAccessorImpl.newInstance(DelegatingConstructorAccessorImpl.java:45)
	at java.lang.reflect.Constructor.newInstance(Constructor.java:423)
	at org.openqa.selenium.remote.http.W3CHttpResponseCodec.createException(W3CHttpResponseCodec.java:187)
	at org.openqa.selenium.remote.http.W3CHttpResponseCodec.decode(W3CHttpResponseCodec.java:122)
	at org.openqa.selenium.remote.http.W3CHttpResponseCodec.decode(W3CHttpResponseCodec.java:49)
	at org.openqa.selenium.remote.HttpCommandExecutor.execute(HttpCommandExecutor.java:158)
	at org.openqa.selenium.remote.service.DriverCommandExecutor.execute(DriverCommandExecutor.java:83)
	at org.openqa.selenium.remote.RemoteWebDriver.execute(RemoteWebDriver.java:552)
	at org.openqa.selenium.remote.RemoteWebElement.execute(RemoteWebElement.java:285)
	at org.openqa.selenium.remote.RemoteWebElement.clear(RemoteWebElement.java:124)
	at net.serenitybdd.core.pages.WebElementFacadeImpl.clear(WebElementFacadeImpl.java:1263)
	at net.serenitybdd.core.pages.WebElementFacadeImpl.type(WebElementFacadeImpl.java:812)
	at net.serenitybdd.screenplay.actions.EnterValueIntoTarget.performAs(EnterValueIntoTarget.java:18)
	at net.serenitybdd.screenplay.actions.EnterValueIntoTarget$ByteBuddy$3TnqvfWD.performAs$accessor$jlmrSgsG(Unknown Source)
	at sun.reflect.NativeMethodAccessorImpl.invoke0(Native Method)
	at sun.reflect.NativeMethodAccessorImpl.invoke(NativeMethodAccessorImpl.java:62)
	at sun.reflect.DelegatingMethodAccessorImpl.invoke(DelegatingMethodAccessorImpl.java:43)
	at java.lang.reflect.Method.invoke(Method.java:498)
	at net.thucydides.core.steps.StepInterceptor.invokeMethod(StepInterceptor.java:471)
	at net.thucydides.core.steps.StepInterceptor.executeTestStepMethod(StepInterceptor.java:451)
	at net.thucydides.core.steps.StepInterceptor.runTestStep(StepInterceptor.java:424)
	at net.thucydides.core.steps.StepInterceptor.runOrSkipMethod(StepInterceptor.java:180)
	at net.thucydides.core.steps.StepInterceptor.testStepResult(StepInterceptor.java:167)
	at net.thucydides.core.steps.StepInterceptor.intercept(StepInterceptor.java:75)
	at net.serenitybdd.screenplay.actions.EnterValueIntoTarget$ByteBuddy$3TnqvfWD.performAs(Unknown Source)
	at net.serenitybdd.screenplay.Actor.performTask(Actor.java:233)
	at net.serenitybdd.screenplay.Actor.perform(Actor.java:214)
	at net.serenitybdd.screenplay.Actor.attemptsTo(Actor.java:171)
	at co.com.choucair.certification.proyectobase.tasks.Llenar.performAs(Llenar.java:32)
	at co.com.choucair.certification.proyectobase.tasks.Llenar$ByteBuddy$Wn2aAfHq.performAs$accessor$NRD6mqVY(Unknown Source)
	at sun.reflect.NativeMethodAccessorImpl.invoke0(Native Method)
	at sun.reflect.NativeMethodAccessorImpl.invoke(NativeMethodAccessorImpl.java:62)
	at sun.reflect.DelegatingMethodAccessorImpl.invoke(DelegatingMethodAccessorImpl.java:43)
	at java.lang.reflect.Method.invoke(Method.java:498)
	at net.thucydides.core.steps.StepInterceptor.invokeMethod(StepInterceptor.java:471)
	at net.thucydides.core.steps.StepInterceptor.executeTestStepMethod(StepInterceptor.java:451)
	at net.thucydides.core.steps.StepInterceptor.runTestStep(StepInterceptor.java:424)
	at net.thucydides.core.steps.StepInterceptor.runOrSkipMethod(StepInterceptor.java:180)
	at net.thucydides.core.steps.StepInterceptor.testStepResult(StepInterceptor.java:167)
	at net.thucydides.core.steps.StepInterceptor.intercept(StepInterceptor.java:75)
	at co.com.choucair.certification.proyectobase.tasks.Llenar$ByteBuddy$Wn2aAfHq.performAs(Unknown Source)
	at net.serenitybdd.screenplay.Actor.performTask(Actor.java:233)
	at net.serenitybdd.screenplay.Actor.perform(Actor.java:214)
	at net.serenitybdd.screenplay.Actor.attemptsTo(Actor.java:171)
	at co.com.choucair.certification.pruebaingreso.stepdefinitions.uTestsStepDefinitions.accessTheRegistrationFormAndFollowEachStepByFillingField(uTestsStepDefinitions.java:30)
	at ✽.Access the registration form and follow each step by filling field(src/test/resources/features/registroUsuarioNuevo.feature:9)
</pre>
</span>
<span class="code">
<pre>cucumber.runtime.junit.UndefinedThrowable: The step &quot;The form is completed by clicking on the button “Setup complete “&quot; is undefined
</pre>
</span>
</div>
</div>
<div id="tab1" class="tab">
<h2>Tests</h2>
<table>
<thead>
<tr>
<th>Test</th>
<th>Duration</th>
<th>Result</th>
</tr>
</thead>
<tr>
<td class="failures">Enter the page and locate the registration button &quot;Join Today&quot;</td>
<td class="failures">10.998s</td>
<td class="failures">failed</td>
</tr>
</table>
</div>
<div id="tab2" class="tab">
<h2>Standard error</h2>
<span class="code">
<pre>[Test worker] WARN net.thucydides.core.steps.BaseStepListener - stepStarted: net.thucydides.core.steps.ExecutedStepDescription@19bd855f
[Test worker] WARN net.thucydides.core.steps.BaseStepListener - stepStarted: net.thucydides.core.steps.ExecutedStepDescription@249a651
[Test worker] WARN net.thucydides.core.steps.BaseStepListener - stepStarted: net.thucydides.core.steps.ExecutedStepDescription@664b86a5
mar 14, 2022 4:33:50 PM org.openqa.selenium.remote.DesiredCapabilities chrome
INFORMACIÓN: Using `new ChromeOptions()` is preferred to `DesiredCapabilities.chrome()`
[Test worker] INFO net.serenitybdd.core.webdriver.driverproviders.ProvideNewDriver - Instantiating driver
[Test worker] INFO net.serenitybdd.core.webdriver.driverproviders.ProvideNewDriver - Driver capabilities: Capabilities {acceptInsecureCerts: false, browserName: chrome, chrome.switches: --start-maximized, goog:chromeOptions: {args: [--start-maximized], extensions: []}, loggingPrefs: org.openqa.selenium.logging..., platform: ANY, version: }
Starting ChromeDriver 99.0.4844.51 (d537ec02474b5afe23684e7963d538896c63ac77-refs/branch-heads/4844@{#875}) on port 7067
Only local connections are allowed.
Please see https://chromedriver.chromium.org/security-considerations for suggestions on keeping ChromeDriver safe.
ChromeDriver was started successfully.
mar 14, 2022 4:33:52 PM org.openqa.selenium.remote.ProtocolHandshake createSession
INFORMACIÓN: Detected dialect: W3C
[Test worker] WARN net.thucydides.core.steps.BaseStepListener - stepFinished: current outcome:Enter the page and locate the registration button &quot;Join Today&quot;:Given What Jorge wants is to register  on the page,to learn about creation and deployment of tests [Jorge abrir pagina [Jorge opens the Mainu test page]]
[Test worker] WARN net.thucydides.core.steps.BaseStepListener - stepStarted: net.thucydides.core.steps.ExecutedStepDescription@1f78cf61
[Test worker] WARN net.thucydides.core.steps.BaseStepListener - stepFinished: current outcome:Enter the page and locate the registration button &quot;Join Today&quot;:Given What Jorge wants is to register  on the page,to learn about creation and deployment of tests [Jorge abrir pagina [Jorge opens the Mainu test page, Jorge clicks on Register Button ]]
[Test worker] WARN net.thucydides.core.steps.BaseStepListener - stepFinished: current outcome:Enter the page and locate the registration button &quot;Join Today&quot;:Given What Jorge wants is to register  on the page,to learn about creation and deployment of tests [Jorge abrir pagina [Jorge opens the Mainu test page, Jorge clicks on Register Button ]]
[Test worker] WARN net.thucydides.core.steps.BaseStepListener - stepFinished: current outcome:Enter the page and locate the registration button &quot;Join Today&quot;:Given What Jorge wants is to register  on the page,to learn about creation and deployment of tests [Jorge abrir pagina [Jorge opens the Mainu test page, Jorge clicks on Register Button ]]
[Test worker] WARN net.thucydides.core.steps.BaseStepListener - stepStarted: net.thucydides.core.steps.ExecutedStepDescription@2317a343
[Test worker] WARN net.thucydides.core.steps.BaseStepListener - stepStarted: net.thucydides.core.steps.ExecutedStepDescription@68617f6f
[Test worker] WARN net.thucydides.core.steps.BaseStepListener - stepStarted: net.thucydides.core.steps.ExecutedStepDescription@342ff877
[Test worker] WARN net.thucydides.core.steps.BaseStepListener - stepFinished: current outcome:Enter the page and locate the registration button &quot;Join Today&quot;:Given What Jorge wants is to register  on the page,to learn about creation and deployment of tests [Jorge abrir pagina [Jorge opens the Mainu test page, Jorge clicks on Register Button ]], When Access the registration form and follow each step by filling field
| strNombre | strApellido | strEmail | strMesNacimiento | strDiaNacimiento | strAnoNacimiento | strCity | strZip | strPais | strDispositivo | strModelo | strSo | strPass |
| rou | Garou | r0udev.me@gmail.com | June | 15 | 1993 | Bogota | 110811 | Colombia | Apple | iphone 4s | iOS 11.2 | P33333r | [Jorge llenar [Jorge enters 'rou' into Ingrese Nombre]]
[Test worker] WARN net.thucydides.core.steps.BaseStepListener - stepStarted: net.thucydides.core.steps.ExecutedStepDescription@6268ef1a
[Test worker] WARN net.thucydides.core.steps.BaseStepListener - stepFinished: current outcome:Enter the page and locate the registration button &quot;Join Today&quot;:Given What Jorge wants is to register  on the page,to learn about creation and deployment of tests [Jorge abrir pagina [Jorge opens the Mainu test page, Jorge clicks on Register Button ]], When Access the registration form and follow each step by filling field
| strNombre | strApellido | strEmail | strMesNacimiento | strDiaNacimiento | strAnoNacimiento | strCity | strZip | strPais | strDispositivo | strModelo | strSo | strPass |
| rou | Garou | r0udev.me@gmail.com | June | 15 | 1993 | Bogota | 110811 | Colombia | Apple | iphone 4s | iOS 11.2 | P33333r | [Jorge llenar [Jorge enters 'rou' into Ingrese Nombre, Jorge enters 'Garou' into Ingrese Apellido]]
[Test worker] WARN net.thucydides.core.steps.BaseStepListener - stepStarted: net.thucydides.core.steps.ExecutedStepDescription@4675a17
[Test worker] WARN net.thucydides.core.steps.BaseStepListener - stepFinished: current outcome:Enter the page and locate the registration button &quot;Join Today&quot;:Given What Jorge wants is to register  on the page,to learn about creation and deployment of tests [Jorge abrir pagina [Jorge opens the Mainu test page, Jorge clicks on Register Button ]], When Access the registration form and follow each step by filling field
| strNombre | strApellido | strEmail | strMesNacimiento | strDiaNacimiento | strAnoNacimiento | strCity | strZip | strPais | strDispositivo | strModelo | strSo | strPass |
| rou | Garou | r0udev.me@gmail.com | June | 15 | 1993 | Bogota | 110811 | Colombia | Apple | iphone 4s | iOS 11.2 | P33333r | [Jorge llenar [Jorge enters 'rou' into Ingrese Nombre, Jorge enters 'Garou' into Ingrese Apellido, Jorge enters 'r0udev.me@gmail.com' into Ingrese Correo]]
[Test worker] WARN net.thucydides.core.steps.BaseStepListener - stepStarted: net.thucydides.core.steps.ExecutedStepDescription@648e92d6
[Test worker] WARN net.thucydides.core.steps.BaseStepListener - stepStarted: net.thucydides.core.steps.ExecutedStepDescription@4547f30
[Test worker] INFO net.thucydides.core.steps.ConsoleLoggingListener - TEST PENDING
[Test worker] WARN net.thucydides.core.steps.BaseStepListener - testFinished: Enter the page and locate the registration button &quot;Join Today&quot;:Given What Jorge wants is to register  on the page,to learn about creation and deployment of tests [Jorge abrir pagina [Jorge opens the Mainu test page, Jorge clicks on Register Button ]], When Access the registration form and follow each step by filling field
| strNombre | strApellido | strEmail | strMesNacimiento | strDiaNacimiento | strAnoNacimiento | strCity | strZip | strPais | strDispositivo | strModelo | strSo | strPass |
| rou | Garou | r0udev.me@gmail.com | June | 15 | 1993 | Bogota | 110811 | Colombia | Apple | iphone 4s | iOS 11.2 | P33333r | [Jorge llenar [Jorge enters 'rou' into Ingrese Nombre, Jorge enters 'Garou' into Ingrese Apellido, Jorge enters 'r0udev.me@gmail.com' into Ingrese Correo, Jorge enters 'June' into Ingrese Mes de Nacimiento]], Then The form is completed by clicking on the button “Setup complete “
| strTextoF |
| Complete Setup |
[Test worker] WARN net.thucydides.core.steps.BaseStepListener - TestOutcomes: [Enter the page and locate the registration button &quot;Join Today&quot;:Given What Jorge wants is to register  on the page,to learn about creation and deployment of tests [Jorge abrir pagina [Jorge opens the Mainu test page, Jorge clicks on Register Button ]], When Access the registration form and follow each step by filling field
| strNombre | strApellido | strEmail | strMesNacimiento | strDiaNacimiento | strAnoNacimiento | strCity | strZip | strPais | strDispositivo | strModelo | strSo | strPass |
| rou | Garou | r0udev.me@gmail.com | June | 15 | 1993 | Bogota | 110811 | Colombia | Apple | iphone 4s | iOS 11.2 | P33333r | [Jorge llenar [Jorge enters 'rou' into Ingrese Nombre, Jorge enters 'Garou' into Ingrese Apellido, Jorge enters 'r0udev.me@gmail.com' into Ingrese Correo, Jorge enters 'June' into Ingrese Mes de Nacimiento]], Then The form is completed by clicking on the button “Setup complete “
| strTextoF |
| Complete Setup |]
[Test worker] WARN net.thucydides.core.steps.BaseStepListener - Final testOutcomes: [Enter the page and locate the registration button &quot;Join Today&quot;:Given What Jorge wants is to register  on the page,to learn about creation and deployment of tests [Jorge abrir pagina [Jorge opens the Mainu test page, Jorge clicks on Register Button ]], When Access the registration form and follow each step by filling field
| strNombre | strApellido | strEmail | strMesNacimiento | strDiaNacimiento | strAnoNacimiento | strCity | strZip | strPais | strDispositivo | strModelo | strSo | strPass |
| rou | Garou | r0udev.me@gmail.com | June | 15 | 1993 | Bogota | 110811 | Colombia | Apple | iphone 4s | iOS 11.2 | P33333r | [Jorge llenar [Jorge enters 'rou' into Ingrese Nombre, Jorge enters 'Garou' into Ingrese Apellido, Jorge enters 'r0udev.me@gmail.com' into Ingrese Correo, Jorge enters 'June' into Ingrese Mes de Nacimiento]], Then The form is completed by clicking on the button “Setup complete “
| strTextoF |
| Complete Setup |]
[Test worker] ERROR net.thucydides.core.steps.ConsoleLoggingListener - 
           __  _____ _____ ____ _____   _____ _    ___ _     _____ ____  
  _       / / |_   _| ____/ ___|_   _| |  ___/ \  |_ _| |   | ____|  _ \ 
 (_)_____| |    | | |  _| \___ \ | |   | |_ / _ \  | || |   |  _| | | | |
  _|_____| |    | | | |___ ___) || |   |  _/ ___ \ | || |___| |___| |_| |
 (_)     | |    |_| |_____|____/ |_|   |_|/_/   \_\___|_____|_____|____/ 
          \_\                                                            

TEST FAILED WITH ERROR: Enter the page and locate the registration button &quot;Join Today&quot;
---------------------------------------------------------------------
[Test worker] ERROR net.thucydides.core.steps.ConsoleLoggingListener - TEST FAILED AT STEP Jorge enters 'June' into Ingrese Mes de Nacimiento
[Test worker] ERROR net.thucydides.core.steps.ConsoleLoggingListener - invalid element state
</pre>
</span>
</div>
</div>
<div id="footer">
<p>
<div>
<label class="hidden" id="label-for-line-wrapping-toggle" for="line-wrapping-toggle">Wrap lines
<input id="line-wrapping-toggle" type="checkbox" autocomplete="off"/>
</label>
</div>Generated by 
<a href="http://www.gradle.org">Gradle 5.2.1</a> at 14/03/2022 04:34:02 PM</p>
</div>
</div>
</body>
</html>
